
> consultorio-digital@0.0.0 start
> ng serve

[33m❯[39m Building...
[32m✔[39m Building...
[1mInitial chunk files[22m[2m | [22m[1mNames[22m           [2m | [22m[1mRaw size[22m
[32mstyles.css[39m         [2m | [22m[2mstyles[22m          [2m | [22m[36m22.32 kB[39m[2m | [22m
[32mmain.js[39m            [2m | [22m[2mmain[22m            [2m | [22m [36m4.72 kB[39m[2m | [22m

[1m [22m                  [2m | [22m[1mInitial total[22m   [2m | [22m[1m27.03 kB[22m

[1mLazy chunk files[22m   [2m | [22m[1mNames[22m           [2m | [22m[1mRaw size[22m
[32mchunk-5B5UW6AW.js[39m  [2m | [22m[2minicio[22m          [2m | [22m[36m60.80 kB[39m[2m | [22m
[32mchunk-BCGLVBEL.js[39m  [2m | [22m[2mconsulta-detalle[22m[2m | [22m [36m1.94 kB[39m[2m | [22m
[32mchunk-EQRU3T6L.js[39m  [2m | [22m[2mlogin-paciente[22m  [2m | [22m [36m1.89 kB[39m[2m | [22m
[32mchunk-ITY2HI2N.js[39m  [2m | [22m[2mconfiguracion[22m   [2m | [22m [36m1.86 kB[39m[2m | [22m
[32mchunk-AY2RZOIP.js[39m  [2m | [22m[2mlogin-equipo[22m    [2m | [22m [36m1.84 kB[39m[2m | [22m
[32mchunk-A6OO7BH2.js[39m  [2m | [22m[2mdirectorio[22m      [2m | [22m [36m1.82 kB[39m[2m | [22m
[32mchunk-5QDX3ZF2.js[39m  [2m | [22m[2mexpediente[22m      [2m | [22m [36m1.82 kB[39m[2m | [22m
[32mchunk-LK63DIVP.js[39m  [2m | [22m[2mconsultorio[22m     [2m | [22m [36m1.81 kB[39m[2m | [22m
[32mchunk-U63I633X.js[39m  [2m | [22m[2mhistorial[22m       [2m | [22m [36m1.79 kB[39m[2m | [22m
[32mchunk-HXKROFNP.js[39m  [2m | [22m[2mperfil[22m          [2m | [22m [36m1.72 kB[39m[2m | [22m
[32mchunk-MZPBCBBS.js[39m  [2m | [22m[2magendar[22m         [2m | [22m [36m1.71 kB[39m[2m | [22m
[32mchunk-ZEVIZOMX.js[39m  [2m | [22m[2mportal[22m          [2m | [22m [36m1.68 kB[39m[2m | [22m

Application bundle generation complete. [2.841 seconds] - 2026-06-14T04:48:46.008Z

[1m[33m[33m▲ [43;33m[[43;30mWARNING[43;33m][0m [1mNG8113: RouterLink is not used within the template of Inicio[0m [1m[35m[plugin angular-compiler][0m

    src/app/inicio/inicio.ts:8:26:
[37m      8 │   imports: [CommonModule, [32mRouterLink[37m],
        ╵                           [32m~~~~~~~~~~[0m

[39m[22m
Watch mode enabled. Watching for file changes...
NOTE: Raw file sizes do not reflect development server per-request transformations.
  [32m➜[39m  [1mLocal[22m:   [36mhttp://localhost:[1m4200[22m/[39m
[2m[32m  ➜[39m[22m[2m  press [22m[1mh + enter[22m[2m to show help[22m
